<?xml version="1.0" encoding="UTF-8"?>
<!-- Generated by org.testng.reporters.JUnitXMLReporter -->
<testsuite hostname="OJT29" name="end to end Test" tests="5" failures="5" timestamp="31 Mar 2016 10:03:00 GMT" time="13.115" errors="0">
  <testcase name="logintest" time="13.054" classname="com.orangehrm.baseclasses.login">
    <failure type="java.io.FileNotFoundException" message="D:\purushotham\purushothamorangehrmproject\src\com\orangehrm\excelfiles\DataEngine.xlsx (The system cannot find the path specified)">
      <![CDATA[java.io.FileNotFoundException: D:\purushotham\purushothamorangehrmproject\src\com\orangehrm\excelfiles\DataEngine.xlsx (The system cannot find the path specified)
	at java.io.FileInputStream.open(Native Method)
	at java.io.FileInputStream.<init>(Unknown Source)
	at java.io.FileInputStream.<init>(Unknown Source)
	at com.orangehrm.utility.Exceloperations.getcelldata(Exceloperations.java:33)
	at com.orangehrm.baseclasses.login.logintest(login.java:23)
... Removed 24 stack frames]]>
    </failure>
  </testcase> <!-- logintest -->
  <testcase name="employeetaestform" time="0.015" classname="com.orangehrm.baseclasses.employeetest">
    <failure type="java.io.FileNotFoundException" message="D:\purushotham\purushothamorangehrmproject\src\com\orangehrm\excelfiles\DataEngine.xlsx (The system cannot find the path specified)">
      <![CDATA[java.io.FileNotFoundException: D:\purushotham\purushothamorangehrmproject\src\com\orangehrm\excelfiles\DataEngine.xlsx (The system cannot find the path specified)
	at java.io.FileInputStream.open(Native Method)
	at java.io.FileInputStream.<init>(Unknown Source)
	at java.io.FileInputStream.<init>(Unknown Source)
	at com.orangehrm.utility.Exceloperations.getcelldata(Exceloperations.java:33)
	at com.orangehrm.baseclasses.employeetest.employeetaestform(employeetest.java:23)
... Removed 24 stack frames]]>
    </failure>
  </testcase> <!-- employeetaestform -->
  <testcase name="screen" time="0.001" classname="com.orangehrm.baseclasses.screenshottest">
    <failure type="java.io.FileNotFoundException" message="D:\purushotham\purushothamorangehrmproject\src\com\orangehrm\excelfiles\DataEngine.xlsx (The system cannot find the path specified)">
      <![CDATA[java.io.FileNotFoundException: D:\purushotham\purushothamorangehrmproject\src\com\orangehrm\excelfiles\DataEngine.xlsx (The system cannot find the path specified)
	at java.io.FileInputStream.open(Native Method)
	at java.io.FileInputStream.<init>(Unknown Source)
	at java.io.FileInputStream.<init>(Unknown Source)
	at com.orangehrm.utility.Exceloperations.getcelldata(Exceloperations.java:33)
	at com.orangehrm.baseclasses.screenshottest.screen(screenshottest.java:12)
... Removed 24 stack frames]]>
    </failure>
  </testcase> <!-- screen -->
  <testcase name="addemploytest1" time="0.001" classname="com.orangehrm.baseclasses.Addemployee">
    <failure type="java.io.FileNotFoundException" message="D:\purushotham\purushothamorangehrmproject\src\com\orangehrm\excelfiles\DataEngine.xlsx (The system cannot find the path specified)">
      <![CDATA[java.io.FileNotFoundException: D:\purushotham\purushothamorangehrmproject\src\com\orangehrm\excelfiles\DataEngine.xlsx (The system cannot find the path specified)
	at java.io.FileInputStream.open(Native Method)
	at java.io.FileInputStream.<init>(Unknown Source)
	at java.io.FileInputStream.<init>(Unknown Source)
	at com.orangehrm.utility.Exceloperations.getcelldata(Exceloperations.java:33)
	at com.orangehrm.baseclasses.Addemployee.addemploytest1(Addemployee.java:19)
... Removed 24 stack frames]]>
    </failure>
  </testcase> <!-- addemploytest1 -->
  <testcase name="logouttes" time="0.0" classname="com.orangehrm.baseclasses.logooutt">
    <failure type="java.io.FileNotFoundException" message="D:\purushotham\purushothamorangehrmproject\src\com\orangehrm\excelfiles\DataEngine.xlsx (The system cannot find the path specified)">
      <![CDATA[java.io.FileNotFoundException: D:\purushotham\purushothamorangehrmproject\src\com\orangehrm\excelfiles\DataEngine.xlsx (The system cannot find the path specified)
	at java.io.FileInputStream.open(Native Method)
	at java.io.FileInputStream.<init>(Unknown Source)
	at java.io.FileInputStream.<init>(Unknown Source)
	at com.orangehrm.utility.Exceloperations.getcelldata(Exceloperations.java:33)
	at com.orangehrm.baseclasses.logooutt.logouttes(logooutt.java:15)
... Removed 24 stack frames]]>
    </failure>
  </testcase> <!-- logouttes -->
</testsuite> <!-- end to end Test -->
