<?xml version="1.0" encoding="UTF-8"?>
<!-- Generated by org.testng.reporters.JUnitXMLReporter -->
<testsuite hostname="OJT29" name="end to end Test" tests="5" failures="0" timestamp="31 Mar 2016 10:57:18 GMT" time="55.085" errors="0">
  <testcase name="logintest" time="15.702" classname="com.orangehrm.baseclasses.login"/>
  <testcase name="employeetaestform" time="16.104" classname="com.orangehrm.baseclasses.employeetest"/>
  <testcase name="addemploytest1" time="21.247" classname="com.orangehrm.baseclasses.Addemployee"/>
  <testcase name="screen" time="0.0" classname="com.orangehrm.baseclasses.screenshottest">
    <skipped/>
  </testcase> <!-- screen -->
  <testcase name="logouttes" time="2.013" classname="com.orangehrm.baseclasses.logooutt"/>
</testsuite> <!-- end to end Test -->
